<?xml version="1.0" encoding="UTF-8"?>
<!-- Generated by org.testng.reporters.JUnitReportReporter -->
<testsuite hostname="RJ" name="com.paypal.orders.tests.showorder" tests="1" failures="0" timestamp="15 Aug 2019 05:11:36 GMT" time="6.426" errors="0">
  <testcase name="showorderresponse" time="6.426" classname="com.paypal.orders.tests.showorder"/>
</testsuite> <!-- com.paypal.orders.tests.showorder -->
