<?xml version="1.0" encoding="UTF-8"?>
<!-- Generated by org.testng.reporters.JUnitReportReporter -->
<testsuite hostname="RJ" name="com.paypal.orders.tests.createorder" tests="1" failures="0" timestamp="15 Aug 2019 16:08:31 GMT" time="5.680" errors="0">
  <testcase name="createorderassertion" time="5.680" classname="com.paypal.orders.tests.createorder"/>
</testsuite> <!-- com.paypal.orders.tests.createorder -->
