<?xml version="1.0" encoding="UTF-8"?>
<!-- Generated by org.testng.reporters.JUnitReportReporter -->
<testsuite hostname="RJ" name="com.paypal.createorder_resourcebuilder.resourcebuilder" tests="1" failures="0" timestamp="15 Aug 2019 16:19:25 GMT" time="0.017" errors="0">
  <testcase name="resourcebuild" time="0.017" classname="com.paypal.createorder_resourcebuilder.resourcebuilder"/>
</testsuite> <!-- com.paypal.createorder_resourcebuilder.resourcebuilder -->
