<?xml version="1.0" encoding="UTF-8"?>
<!-- Generated by org.testng.reporters.JUnitReportReporter -->
<testsuite hostname="RJ" name="com.paypal.orders.tests.showorder" tests="3" failures="0" timestamp="16 Aug 2019 04:24:46 GMT" time="11.746" errors="0">
  <testcase name="parsingthrumappingtoclass" time="6.458" classname="com.paypal.orders.tests.showorder"/>
  <testcase name="parsingthrugroovyscript" time="2.736" classname="com.paypal.orders.tests.showorder"/>
  <testcase name="parsingthruJSONobject" time="2.552" classname="com.paypal.orders.tests.showorder"/>
</testsuite> <!-- com.paypal.orders.tests.showorder -->
