<?xml version="1.0" encoding="UTF-8"?>
<!-- Generated by org.testng.reporters.JUnitReportReporter -->
<testsuite hostname="RJ" name="com.paypal.orders.tests.createorder" tests="1" failures="0" timestamp="14 Aug 2019 15:38:31 GMT" time="5.554" errors="0">
  <testcase name="createorderassertion" time="5.554" classname="com.paypal.orders.tests.createorder"/>
</testsuite> <!-- com.paypal.orders.tests.createorder -->
