<?xml version="1.0" encoding="UTF-8"?>
<!-- Generated by org.testng.reporters.JUnitReportReporter -->
<testsuite hostname="RJ" name="com.paypal.orders.tests.createorder" tests="1" failures="0" timestamp="16 Aug 2019 03:38:21 GMT" time="18.183" errors="0">
  <testcase name="createorderassertion" time="18.183" classname="com.paypal.orders.tests.createorder"/>
</testsuite> <!-- com.paypal.orders.tests.createorder -->
