<?xml version="1.0" encoding="UTF-8"?>
<!-- Generated by org.testng.reporters.JUnitReportReporter -->
<testsuite hostname="RJ" name="com.paypal.orders.tests.showorder" tests="3" failures="0" timestamp="15 Aug 2019 16:08:52 GMT" time="11.485" errors="0">
  <testcase name="parsingthrumappingtoclass" time="6.383" classname="com.paypal.orders.tests.showorder"/>
  <testcase name="parsingthruJSONobject" time="2.455" classname="com.paypal.orders.tests.showorder"/>
  <testcase name="parsingthrugroovyscript" time="2.647" classname="com.paypal.orders.tests.showorder"/>
</testsuite> <!-- com.paypal.orders.tests.showorder -->
