<?xml version="1.0" encoding="UTF-8"?>
<!-- Generated by org.testng.reporters.JUnitReportReporter -->
<testsuite hostname="RJ" name="com.paypal.orders.base.TestBase" tests="1" failures="0" timestamp="14 Aug 2019 15:20:36 GMT" time="3.705" errors="0">
  <testcase name="accesstoken" time="3.705" classname="com.paypal.orders.base.TestBase"/>
</testsuite> <!-- com.paypal.orders.base.TestBase -->
